<?xml version="1.0" encoding="UTF-8"?>
<testng-results ignored="0" total="0" passed="0" failed="0" skipped="0">
  <reporter-output>
  </reporter-output>
  <suite started-at="2023-05-18T16:01:18Z" name="com.luma.steps.GearTest" finished-at="2023-05-18T16:01:18Z" duration-ms="4">
    <groups>
    </groups>
    <test started-at="2023-05-18T16:01:18Z" name="Command line test" finished-at="2023-05-18T16:01:18Z" duration-ms="4">
    </test> <!-- Command line test -->
  </suite> <!-- com.luma.steps.GearTest -->
</testng-results>
